Scraping 76 D1 schools...


[1/76] Bellarmine University
  ❌ No coaches found

[2/76] Boston University
  ✅ https://goterriers.com/sports/mens-lacrosse/roster
     Coaching Staff: Ryan Polley
        Email: jonkap@bu.edu

[3/76] Brown University
  ✅ https://brownbears.com/sports/mens-lacrosse/roster
     Coaching Staff: Jon Torpey
        Email: alec_tocco@brown.edu

[4/76] Bryant University
  ❌ No coaches found

[5/76] Bucknell University
  ✅ https://bucknellbison.com/sports/mens-lacrosse/roster
     Coaching Staff: Frank Fedorjaka
        Email: jm107@bucknell.edu

[6/76] Canisius College
  ✅ https://canisiussports.com/sports/mens-lacrosse/roster
     Head Coach: Pat Mete
     Assistant Coach: Nate Walker
     Assistant Coach: Michael Haven

[7/76] Cleveland State University
  ❌ No coaches found

[8/76] Colgate University
  ❌ No coaches found

[9/76] College of the Holy Cross
  ✅ https://goholycross.com/sports/mens-lacrosse/roster
     Head Coach: J.L. Reppert
     Assistant Coach: Luke Duprey
     Assistant Coach: Zach Chandler
     Assistant Coach: Chris Tillotson

[10/76] Cornell University
  ✅ https://cornellbigred.com/sports/mens-lacrosse/roster
     Richard M. Moran Head Coach of Men's Lacrosse: Connor Buczek
     Mario St. George Boiardi '04 Assistant Coach: Paolo Ciferri
     Assistant Coach: Max Tennant
     Assistant Coach: Griffin Buczek
     Assistant Coach for Strength and Conditioning: Tom Howley

[11/76] Dartmouth College
  ✅ https://dartmouthsports.com/sports/mens-lacrosse/roster
     Coaching Staff: Sean Kirwan
        Email: dan.richeal@dartmouth.edu

[12/76] Drexel University
  ❌ No coaches found

[13/76] Duke University
  ✅ https://goduke.com/sports/mens-lacrosse/roster
     Coaching Staff: John Danowski
        Email: ec83@duke.edu

[14/76] Fairfield University
  ❌ No coaches found

[15/76] Georgetown University
  ✅ https://guhoyas.com/sports/mens-lacrosse/roster
     Head Coach: Kevin Warne
     Associate Head Coach: John Hogan
     Assistant Coach: David Shriver
     Assistant Coach: Ted Moon

[16/76] Hampton University
  ❌ No coaches found

[17/76] Harvard University
  ✅ https://gocrimson.com/sports/mens-lacrosse/roster
     The Frisbie Family Head Coach for Harvard Men’s Lacrosse/Defensive Coordinator: Gerry Byrne
     Associate Head Coach - Offensive Coordinator & Recruiting Director: Neil Hutchinson
     Assistant Coach - Defense: Andy Meyers
     Assistant Coach/Face-off & Goaltending: Mike Terranova

[18/76] High Point University
  ❌ No coaches found

[19/76] Hobart & William Smith College
  ❌ No coaches found

[20/76] Hofstra University
  ✅ https://gohofstra.com/sports/mens-lacrosse/roster
     Head Coach: Seth Tierney
     Associate Head Coach: John Gorman
     Assistant Coach: Michael Gongas
     Volunteer Assistant Coach Trainee: Rory Jones
     Assistant Strength and Conditioning Coach: DJ Melgar

[21/76] Iona University
  ❌ No coaches found

[22/76] Jacksonville University
  ❌ No coaches found

[23/76] Johns Hopkins University
  ✅ https://hopkinssports.com/sports/mens-lacrosse/roster
     Head Men's Lacrosse Coach: Peter Milliman
     Associate Head Men's Lacrosse Coach - Defensive Coordinator: Jamison Koesterer
     Assistant Men's Lacrosse Coach - Recruiting Coordinator: Jon Cohen
     Assistant Men's Lacrosse Coach: Chayse Ierlan

[24/76] Lafayette College
  ✅ https://goleopards.com/sports/mens-lacrosse/roster
     Head Coach: Patrick Myers
     Associate Head Coach: Jud Hall
     Assistant Coach: Troy Haefele
     Assistant Coach: Carlin Joyal

[25/76] Lehigh University
  ✅ https://lehighsports.com/sports/mens-lacrosse/roster
     Coaching Staff: Will Scudder
        Email: dscanlon@lehigh.edu

[26/76] Lindenwood University
  ❌ No coaches found

[27/76] Long Island University
  ❌ No coaches found

[28/76] Loyola University Maryland
  ✅ https://loyolagreyhounds.com/sports/mens-lacrosse/roster
     Head Coach: Charley Toomey
     Assistant Coach: Matt Dwan
     Assistant Coach: Justin Ward
     Assistant Coach: Sean Cottle
     Graduate Student Assistant Coach: Matt Dixon
     Men's Lacrosse Strength & Conditioning Coach: Bryan Woolson

[29/76] Manhattan College
  ❌ No coaches found

[30/76] Marist College
  ❌ No coaches found

[31/76] Marquette University
  ✅ https://gomarquette.com/sports/mens-lacrosse/roster
     Coaching Staff: Jake Richard
        Email: patrick.gifford@marquette.edu

[32/76] Mercer University
  ❌ No coaches found

[33/76] Merrimack College
  ✅ https://merrimackathletics.com/sports/mens-lacrosse/roster
     Head Men's Lacrosse Coach: Mike  Sciamanna
     Assistant Men's Lacrosse Coach: Chris Diantgikis
     Assistant Men's Lacrosse Coach: Christian Thomas
     Assistant Men's Lacrosse Coach: Steve Moreland

[34/76] Monmouth University
  ❌ No coaches found

[35/76] Mount St. Mary's University
  ✅ https://mountathletics.com/sports/mens-lacrosse/roster
     Head Coach: Chris Ryan
     Assistant Coach: Ryan O'Hagan
     Assistant Coach: Matthew Dugan
     Assistant Coach: Kevin Murphy

[36/76] New Jersey Institute of Technology
  ❌ No coaches found

[37/76] Ohio State University
  ✅ https://ohiostatebuckeyes.com/sports/mens-lacrosse/roster
     Coaching Staff: Nick Myers
        Email: lavallee.15@osu.edu

[38/76] Penn State
  ✅ https://gopsusports.com/sports/mens-lacrosse/roster
     Men's Lacrosse Coaching Staff: Men's Lacrosse Coaching Staff

[39/76] Princeton University
  ✅ https://goprincetontigers.com/sports/mens-lacrosse/roster
     Coaching Staff: Matt Madalon
        Email: bo6116@princeton.edu

[40/76] Providence College
  ❌ No coaches found

[41/76] Queens University of Charlotte
  ❌ No coaches found

[42/76] Quinnipiac University
  ❌ No coaches found

[43/76] Robert Morris University – Pennsylvania
  ❌ No coaches found

[44/76] Rutgers University
  ✅ https://scarletknights.com/sports/mens-lacrosse/roster
     Coaching Staff: Brian Brecht
        Email: ctreacy@scarletknights.com

[45/76] Sacred Heart University
  ❌ No coaches found

[46/76] Saint Joseph's University
  ❌ No coaches found

[47/76] Siena College
  ❌ No coaches found

[48/76] St. Bonaventure University
  ❌ No coaches found

[49/76] St. John's University – New York
  ❌ No coaches found

[50/76] SUNY Binghamton University
  ❌ No coaches found

[51/76] SUNY Stony Brook University
  ❌ No coaches found

[52/76] SUNY University at Albany
  ❌ No coaches found

[53/76] Syracuse University
  ✅ https://cuse.com/sports/mens-lacrosse/roster
     Coaching Staff: Gary Gait
        Email: jostark@syr.edu

[54/76] Towson University
  ❌ No coaches found

[55/76] United States Air Force Academy
  ❌ No coaches found

[56/76] United States Military Academy
  ❌ No coaches found

[57/76] United States Naval Academy
  ❌ No coaches found

[58/76] University of Delaware
  ❌ No coaches found

[59/76] University of Denver
  ❌ No coaches found

[60/76] University of Detroit Mercy
  ❌ No coaches found

[61/76] University of Maryland
  ✅ https://umterps.com/sports/mens-lacrosse/roster
     Head Coach: John Tillman
     Associate Head Coach/Defensive Coordinator: Jesse Bernhardt
     Assistant Coach/Offensive Coordinator: Michael Phipps
     Assistant Coach: Tim O'Branski

[62/76] University of Maryland – Baltimore County
  ❌ No coaches found

[63/76] University of Massachusetts – Amherst
  ❌ No coaches found

[64/76] University of Massachusetts – Lowell
  ❌ No coaches found

[65/76] University of Michigan
  ✅ https://mgoblue.com/sports/mens-lacrosse/coaches
     2026 Men's Lacrosse Coaching Staff: 2026 Men's Lacrosse Coaching Staff
        Email: jjhennes@umich.edu

[66/76] University of North Carolina at Chapel Hill
  ✅ https://goheels.com/sports/mens-lacrosse/roster
     Coaching Staff: Joe Breschi
        Email: greenemt@email.unc.edu

[67/76] University of Notre Dame
  ❌ No coaches found

[68/76] University of Pennsylvania – Penn
  ✅ https://pennathletics.com/sports/mens-lacrosse/roster
     James H. Greene, Jr. Head Coach: Taylor Wray
     Assistant Coach: Tyler  Shoults

[69/76] University of Richmond
  ❌ No coaches found

[70/76] University of Utah
  ❌ No coaches found

[71/76] University of Vermont
  ❌ No coaches found

[72/76] University of Virginia
  ✅ https://virginiasports.com/sports/mens-lacrosse/roster
     Men's Lacrosse Coaching Staff: Men's Lacrosse Coaching Staff

[73/76] Villanova University
  ✅ https://villanova.com/sports/mens-lacrosse/roster
     DiLoreto Family Endowed Men's Lacrosse Head Coach: Mike Corrado
     Associate Head Coach/Defensive Coordinator: Chris Miller
     Assistant Coach/Offensive Coordinator: Paul Mita
     Assistant Coach: John "Woody" Derham

[74/76] Virginia Military Institute – VMI
  ✅ https://virginiasports.com/sports/mens-lacrosse/roster
     Men's Lacrosse Coaching Staff: Men's Lacrosse Coaching Staff

[75/76] Wagner College
  ✅ https://wagnerathletics.com/sports/mens-lacrosse/roster
     Head Coach: Will Fox
     Assistant Coach: Joe Zukauskas
     Assistant Coach: Tyler Foss
     Assistant Coach: Colby Cohen

[76/76] Yale University
  ❌ No coaches found


=== SUMMARY ===
Found coaches: 31/76
Found emails: 13/76
Saved to: coach_data_d1_1776050974241.json
