Scraping all 436 schools...


[1/436] Adams State University
  ❌ No coaches found

[2/436] Adelphi University
  ❌ No coaches found

[3/436] Adrian College
  ❌ No coaches found

[4/436] Albertus Magnus College
  ❌ No coaches found

[5/436] Albion College
  ❌ No coaches found

[6/436] Albright College
  ✅ https://albrightathletics.com/sports/mens-lacrosse/roster
     Head Men's Lacrosse Coach: Derek  Stump '17
     Assistant Men's Lacrosse Coach: Jason Masciantonio

[7/436] Alfred University
  ❌ No coaches found

[8/436] Allegheny College
  ✅ https://alleghenysports.com/sports/mens-lacrosse/roster
     Head Men's Lacrosse Coach: Jeff Roberts
     Assistant Men's Lacrosse Coach: AJ Beck
     Assistant Men's Lacrosse Coach: Joe Pedisich
     Head Peak Performance Coach: Dylan Chan

[9/436] Alma College
  ❌ No coaches found

[10/436] Alvernia University
  ❌ No coaches found

[11/436] American International College
  ❌ No coaches found

[12/436] Amherst College
  ❌ No coaches found

[13/436] Anderson University – Indiana
  ❌ No coaches found

[14/436] Anderson University – South Carolina
  ❌ No coaches found

[15/436] Anna Maria College
  ❌ No coaches found

[16/436] Anne Arundel Community College
  ❌ No coaches found

[17/436] Aquinas College – Michigan
  ❌ No coaches found

[18/436] Arcadia University
  ❌ No coaches found

[19/436] Assumption University
  ❌ No coaches found

[20/436] Augustana College – Illinois
  ❌ No coaches found

[21/436] Aurora University
  ❌ No coaches found

[22/436] Averett University
  ❌ No coaches found

[23/436] Babson College
  ✅ https://babsonathletics.com/sports/mens-lacrosse/roster
     Head Coach: Rocky Batty
     Assistant Coach: Devin Newell
     Assistant Coach: Kyle Laforge

[24/436] Baldwin Wallace University
  ❌ No coaches found

[25/436] Barton College
  ❌ No coaches found

[26/436] Bates College
  ❌ No coaches found

[27/436] Bellarmine University
  ❌ No coaches found

[28/436] Belmont Abbey College
  ❌ No coaches found

[29/436] Beloit College
  ❌ No coaches found

[30/436] Benedictine College
  ❌ No coaches found

[31/436] Bentley University
  ❌ No coaches found

[32/436] Berry College
  ❌ No coaches found

[33/436] Bethany College – West Virginia
  ❌ No coaches found

[34/436] Boston University
  ✅ https://goterriers.com/sports/mens-lacrosse/roster
     Coaching Staff: Ryan Polley
        Email: jonkap@bu.edu

[35/436] Bowdoin College
  ❌ No coaches found

[36/436] Brevard College
  ❌ No coaches found

[37/436] Bridgewater College
  ❌ No coaches found

[38/436] Brookdale Community College
  ❌ No coaches found

[39/436] Brown University
  ✅ https://brownbears.com/sports/mens-lacrosse/roster
     Coaching Staff: Jon Torpey
        Email: alec_tocco@brown.edu

[40/436] Bryant University
  ❌ No coaches found

[41/436] Bucknell University
  ✅ https://bucknellbison.com/sports/mens-lacrosse/roster
     Coaching Staff: Frank Fedorjaka
        Email: jm107@bucknell.edu

[42/436] Cairn University
  ❌ No coaches found

[43/436] Caldwell University
  ✅ https://caldwellathletics.com/sports/mens-lacrosse/roster
     Head Men's Lacrosse Coach: Dominic Scorcia
     Assistant Coach: Owen Stephenson
     Assistant Coach: Randal Natoli

[44/436] Calvin University
  ❌ No coaches found

[45/436] Canisius College
  ✅ https://canisiussports.com/sports/mens-lacrosse/roster
     Head Coach: Pat Mete
     Assistant Coach: Nate Walker
     Assistant Coach: Michael Haven

[46/436] Capital University
  ❌ No coaches found

[47/436] Carroll University
  ❌ No coaches found

[48/436] Carthage College
  ❌ No coaches found

[49/436] Castleton University
  ✅ https://castletonsports.com/sports/mens-lacrosse/roster
     Head Coach: Nathan Snitz
     Graduate Assistant Coach: RJ Goodman
     Assistant Coach: Kevin McCarthy

[50/436] Catawba College
  ✅ https://catawbaathletics.com/sports/mens-lacrosse/roster
     Head Men's Lacrosse Coach: Mike Murphy
     Assistant Men's Lacrosse Coach: Will Urban
     Assistant Men's Lacrosse Coach: Myles Moffat

[51/436] Catholic University of America
  ✅ https://catholicathletics.com/sports/mens-lacrosse/roster
     Head Coach: Peter Donley
     Assistant Coach: Ryan Macksoud
     Assistant Coach: Chris Hamilton
     Assistant Coach: Mo Lanzas
     Assistant Coach: Luke Patterson

[52/436] Centenary College of Louisiana
  ❌ No coaches found

[53/436] Centenary University – New Jersey
  ❌ No coaches found

[54/436] Centre College
  ❌ No coaches found

[55/436] Chatham University
  ❌ No coaches found

[56/436] Chestnut Hill College
  ❌ No coaches found

[57/436] Chowan University
  ❌ No coaches found

[58/436] Christopher Newport University
  ❌ No coaches found

[59/436] Clark University
  ✅ https://clarkathletics.com/sports/mens-lacrosse/roster
     Head Coach: Matt  Colombini
     Assistant Coach: Conor Khung
     Assistant Coach: Matt Wells

[60/436] Clarke University
  ❌ No coaches found

[61/436] Clarkson University
  ✅ https://clarksonathletics.com/sports/mens-lacrosse/roster
     Head Coach - Men's Lacrosse: Bill Bergan
     Assistant Coach - Men's Lacrosse: Gavin Yingling
     Assistant Coach - Men's Lacrosse: Cole Zeller
     Assistant Strength and Conditioning Coach: Garrett Ferguson

[62/436] Cleveland State University
  ❌ No coaches found

[63/436] Coker University
  ❌ No coaches found

[64/436] Colby College
  ❌ No coaches found

[65/436] Colgate University
  ❌ No coaches found

[66/436] College of DuPage
  ❌ No coaches found

[67/436] College of Mount Saint Vincent
  ❌ No coaches found

[68/436] College of the Holy Cross
  ✅ https://goholycross.com/sports/mens-lacrosse/roster
     Head Coach: J.L. Reppert
     Assistant Coach: Luke Duprey
     Assistant Coach: Zach Chandler
     Assistant Coach: Chris Tillotson

[69/436] College of Wooster
  ❌ No coaches found

[70/436] Colorado College
  ❌ No coaches found

[71/436] Colorado Mesa University
  ❌ No coaches found

[72/436] Colorado State University – Pueblo
  ❌ No coaches found

[73/436] Columbia College – Missouri
  ❌ No coaches found

[74/436] Concordia University – Chicago
  ❌ No coaches found

[75/436] Concordia University Wisconsin
  ❌ No coaches found

[76/436] Connecticut College
  ❌ No coaches found

[77/436] Cornell College
  ❌ No coaches found

[78/436] Cornell University
  ✅ https://cornellbigred.com/sports/mens-lacrosse/roster
     Richard M. Moran Head Coach of Men's Lacrosse: Connor Buczek
     Mario St. George Boiardi '04 Assistant Coach: Paolo Ciferri
     Assistant Coach: Max Tennant
     Assistant Coach: Griffin Buczek
     Assistant Coach for Strength and Conditioning: Tom Howley

[79/436] Curry College
  ❌ No coaches found

[80/436] D'Youville University
  ❌ No coaches found

[81/436] Dartmouth College
  ✅ https://dartmouthsports.com/sports/mens-lacrosse/roster
     Coaching Staff: Sean Kirwan
        Email: dan.richeal@dartmouth.edu

[82/436] Davenport University
  ❌ No coaches found

[83/436] Davis & Elkins College
  ❌ No coaches found

[84/436] Dean College
  ❌ No coaches found

[85/436] Delaware Technical Community College
  ❌ No coaches found

[86/436] Delaware Valley University
  ❌ No coaches found

[87/436] Denison University
  ❌ No coaches found

[88/436] DePauw University
  ❌ No coaches found

[89/436] DeSales University
  ❌ No coaches found

[90/436] Dickinson College
  ✅ https://dickinsonathletics.com/sports/mens-lacrosse/roster
     Head Coach: Dave Webster
     Associate Head Coach Men's Lacrosse: James Lettieri
     Assistant Men's Lacrosse Coach: Skyler Schluter
     Volunteer Men's Lacrosse Coach: James  Malone

[91/436] Dominican University – New York
  ✅ https://dominicanathletics.com/sports/mens-lacrosse/roster
     Head Coach: Bobby Grove
     Volunteer Assistant Coach: Joshua Peavey

[92/436] Drew University
  ❌ No coaches found

[93/436] Drexel University
  ❌ No coaches found

[94/436] Duke University
  ✅ https://goduke.com/sports/mens-lacrosse/roster
     Coaching Staff: John Danowski
        Email: ec83@duke.edu

[95/436] Earlham College
  ✅ https://goearlham.com/sports/mens-lacrosse/roster
     Head Men's Lacrosse Coach: Taylor Lanzillo
     Assistant Men's Lacrosse Coach: Davin Ikert

[96/436] Eastern Connecticut State University
  ❌ No coaches found

[97/436] Eastern University
  ❌ No coaches found

[98/436] Edgewood College
  ❌ No coaches found

[99/436] Elizabethtown College
  ❌ No coaches found

[100/436] Elmhurst University
  ❌ No coaches found

[101/436] Embry-Riddle Aeronautical University
  ❌ No coaches found

[102/436] Emerson College
  ❌ No coaches found

[103/436] Emmanuel College – Georgia
  ❌ No coaches found

[104/436] Emmanuel College – Massachusetts
  ❌ No coaches found

[105/436] Endicott College
  ❌ No coaches found

[106/436] Fairfield University
  ❌ No coaches found

[107/436] Fairleigh Dickinson University – College at Florham
  ❌ No coaches found

[108/436] Felician University
  ✅ https://felicianathletics.com/sports/mens-lacrosse/roster
     Assistant Director of Athletics - External Relations / Head Coach: Brendan Bonacum

[109/436] Ferrum College
  ❌ No coaches found

[110/436] Finger Lakes Community College
  ❌ No coaches found

[111/436] Flagler College – St. Augustine
  ✅ https://flaglerathletics.com/sports/mens-lacrosse/roster
     Head Men's Lacrosse Coach: Brian Duncan
     Assistant Men's Lacrosse Coach: Tim King
     Assistant Men's Lacrosse Coach: James Foote
     Assistant Men's Lacrosse Coach: Efrain Gutierrez
     Assistant Men's Lacrosse Coach: Neil Rodden
     Assistant Men's Lacrosse Coach: J.J. Pearl

[112/436] Florida Southern College
  ❌ No coaches found

[113/436] Franciscan University of Steubenville
  ✅ https://franciscanathletics.com/sports/mens-lacrosse/roster
     Head Men's Lacrosse Coach: Pete Rosaschi
     Assistant Coach: Austin Nasset
     Assistant Coach: Conner Smith
     Sports Performance Coach: Connor Arlia

[114/436] Franklin & Marshall College
  ❌ No coaches found

[115/436] Franklin Pierce University
  ❌ No coaches found

[116/436] Frostburg State University
  ✅ https://frostburgsports.com/sports/mens-lacrosse/roster
     Head Men's Lacrosse Coach: Steve Gartelman
     Assistant Men's Lacrosse Coach: Carl Haas
     Assistant Men's Lacrosse Coach: Victor Licata
     Men's Lacrosse Graduate Assistant Coach: Tristan Anderson

[117/436] Georgetown University
  ✅ https://guhoyas.com/sports/mens-lacrosse/roster
     Head Coach: Kevin Warne
     Associate Head Coach: John Hogan
     Assistant Coach: David Shriver
     Assistant Coach: Ted Moon

[118/436] Georgian Court University
  ❌ No coaches found

[119/436] Gettysburg College
  ✅ https://gettysburgsports.com/sports/mens-lacrosse/roster
     Head Coach: Peter Toner
     Assistant Coach: Jackson Lane
     Assistant Coach: Jack Raba
     Assistant Coach: Finn Raymond
     Head Strength & Conditioning Coach: Reggie Overton

[120/436] Gordon College
  ❌ No coaches found

[121/436] Goucher College
  ❌ No coaches found

[122/436] Greensboro College
  ✅ https://greensborosports.com/sports/mens-lacrosse/roster
     Head Coach: Reggie Peace

[123/436] Grove City College
  ✅ https://groveathletics.com/sports/mens-lacrosse/roster
     Head Coach: Daniel Alderete

[124/436] Guilford College
  ❌ No coaches found

[125/436] Gwynedd Mercy University
  ✅ https://gwyneddathletics.com/sports/mens-lacrosse/roster
     Head Men's Lacrosse Coach: Blase Cesarone '17
     Assistant Men's Lacrosse Coach (Defensive Coordinator): Brandon Brown '16
     Assistant Men's Lacrosse Coach (Recruiting Coordinator): Jacob Snavely '18
     Assistant Men's Lacrosse Coach: Liam Cavanaugh

[126/436] Hamilton College
  ❌ No coaches found

[127/436] Hampden-Sydney College
  ❌ No coaches found

[128/436] Hampton University
  ❌ No coaches found

[129/436] Hanover College
  ❌ No coaches found

[130/436] Harford Community College
  ✅ https://harfordathletics.com/sports/mens-lacrosse/roster
     Head Coach: Aaron Verardi
     Goalie Coach: Chris Petrush
     Assistant Coach: Marc Taylorsen
     Position Coach: Brian King

[131/436] Hartwick College
  ❌ No coaches found

[132/436] Harvard University
  ✅ https://gocrimson.com/sports/mens-lacrosse/roster
     The Frisbie Family Head Coach for Harvard Men’s Lacrosse/Defensive Coordinator: Gerry Byrne
     Associate Head Coach - Offensive Coordinator & Recruiting Director: Neil Hutchinson
     Assistant Coach - Defense: Andy Meyers
     Assistant Coach/Face-off & Goaltending: Mike Terranova

[133/436] Haverford College
  ✅ https://haverfordathletics.com/sports/mens-lacrosse/roster
     Head Coach: Richard Carrington
     Assistant Coach: Bill Northcutt
     Assistant Coach: Cullen Burke

[134/436] Heidelberg University
  ❌ No coaches found

[135/436] Hendrix College
  ❌ No coaches found

[136/436] High Point University
  ❌ No coaches found

[137/436] Hilbert College
  ❌ No coaches found

[138/436] Hiram College
  ❌ No coaches found

[139/436] Hobart & William Smith College
  ❌ No coaches found

[140/436] Hofstra University
  ✅ https://gohofstra.com/sports/mens-lacrosse/roster
     Head Coach: Seth Tierney
     Associate Head Coach: John Gorman
     Assistant Coach: Michael Gongas
     Volunteer Assistant Coach Trainee: Rory Jones
     Assistant Strength and Conditioning Coach: DJ Melgar

[141/436] Hood College
  ✅ https://hoodathletics.com/sports/mens-lacrosse/roster
     Head Coach: Brad Barber
     Assistant Coach: Maxx Davis
     Assistant Coach: Nick Masucci
     Assistant Coach: Alex Dudziak

[142/436] Hope College
  ❌ No coaches found

[143/436] Howard Community College
  ❌ No coaches found

[144/436] Huntingdon College
  ❌ No coaches found

[145/436] Husson University
  ❌ No coaches found

[146/436] Illinois Institute of Technology
  ❌ No coaches found

[147/436] Illinois Wesleyan University
  ❌ No coaches found

[148/436] Immaculata University
  ❌ No coaches found

[149/436] Indiana Tech
  ❌ No coaches found

[150/436] Iona University
  ❌ No coaches found

[151/436] Ithaca College
  ❌ No coaches found

[152/436] Jacksonville University
  ❌ No coaches found

[153/436] John Carroll University
  ❌ No coaches found

[154/436] Johns Hopkins University
  ✅ https://hopkinssports.com/sports/mens-lacrosse/roster
     Head Men's Lacrosse Coach: Peter Milliman
     Associate Head Men's Lacrosse Coach - Defensive Coordinator: Jamison Koesterer
     Assistant Men's Lacrosse Coach - Recruiting Coordinator: Jon Cohen
     Assistant Men's Lacrosse Coach: Chayse Ierlan

[155/436] Johnson & Wales University – Providence
  ❌ No coaches found

[156/436] Juniata College
  ❌ No coaches found

[157/436] Kalamazoo College
  ❌ No coaches found

[158/436] Kean University
  ✅ https://keanathletics.com/sports/mens-lacrosse/roster
     Head Coach: Alex Lopes
     Assistant Coach: Max Stevens
     Assistant Coach: Paul Kieltyka
     Assistant Coach: Connor Batjer
     Assistant Coach: Andy Bryant

[159/436] Keene State College
  ❌ No coaches found

[160/436] Kenyon College
  ❌ No coaches found

[161/436] Keuka College
  ✅ https://keukaathletics.com/sports/mens-lacrosse/roster
     Head Coach: Ty Trombley
     Assistant Coach: Brandon Trombley
     Assistant Coach: Eric Saltrelli
     Strength & Conditioning Coach: Ryan Johnson

[162/436] Keystone College
  ❌ No coaches found

[163/436] King's College – Pennsylvania
  ✅ https://kingsathletics.com/sports/mens-lacrosse/roster
     Head Coach: Amanda Meadows

[164/436] La Roche University
  ❌ No coaches found

[165/436] Lafayette College
  ✅ https://goleopards.com/sports/mens-lacrosse/roster
     Head Coach: Patrick Myers
     Associate Head Coach: Jud Hall
     Assistant Coach: Troy Haefele
     Assistant Coach: Carlin Joyal

[166/436] LaGrange College
  ❌ No coaches found

[167/436] Lake Erie College
  ❌ No coaches found

[168/436] Lake Forest College
  ❌ No coaches found

[169/436] Lander University
  ❌ No coaches found

[170/436] Lasell University
  ❌ No coaches found

[171/436] Lawrence Technological University
  ❌ No coaches found

[172/436] Le Moyne College
  ❌ No coaches found

[173/436] Lebanon Valley College
  ❌ No coaches found

[174/436] Lees-McRae College
  ❌ No coaches found

[175/436] Lehigh University
  ✅ https://lehighsports.com/sports/mens-lacrosse/roster
     Coaching Staff: Will Scudder
        Email: dscanlon@lehigh.edu

[176/436] Lenoir-Rhyne University
  ❌ No coaches found

[177/436] Lewis University
  ❌ No coaches found

[178/436] Lincoln Memorial University
  ❌ No coaches found

[179/436] Lindenwood University
  ❌ No coaches found

[180/436] Lindenwood University
  ❌ No coaches found

[181/436] Long Island University
  ❌ No coaches found

[182/436] Loyola University Maryland
  ✅ https://loyolagreyhounds.com/sports/mens-lacrosse/roster
     Head Coach: Charley Toomey
     Assistant Coach: Matt Dwan
     Assistant Coach: Justin Ward
     Assistant Coach: Sean Cottle
     Graduate Student Assistant Coach: Matt Dixon
     Men's Lacrosse Strength & Conditioning Coach: Bryan Woolson

[183/436] Lycoming College
  ✅ https://lycomingathletics.com/sports/mens-lacrosse/roster
     Head Men's Lacrosse Coach: Tony Mackin
     Assistant Men's Lacrosse Coach: Grant Huff
     Volunteer Assistant Men's Lacrosse Coach: Max Crumlich

[184/436] Lynn University
  ❌ No coaches found

[185/436] Madonna University
  ❌ No coaches found

[186/436] Maine Maritime Academy
  ❌ No coaches found

[187/436] Malone University
  ❌ No coaches found

[188/436] Manhattan College
  ❌ No coaches found

[189/436] Manhattanville College
  ❌ No coaches found

[190/436] Marian University – Wisconsin
  ❌ No coaches found

[191/436] Marietta College
  ❌ No coaches found

[192/436] Marist College
  ❌ No coaches found

[193/436] Marquette University
  ✅ https://gomarquette.com/sports/mens-lacrosse/roster
     Coaching Staff: Jake Richard
        Email: patrick.gifford@marquette.edu

[194/436] Mars Hill University
  ❌ No coaches found

[195/436] Marymount University (VA)
  ❌ No coaches found

[196/436] Maryville University
  ❌ No coaches found

[197/436] Marywood University
  ❌ No coaches found

[198/436] Massachusetts College of Liberal Arts
  ❌ No coaches found

[199/436] Massachusetts Institute of Technology – MIT
  ❌ No coaches found

[200/436] McDaniel College
  ✅ https://mcdanielathletics.com/sports/mens-lacrosse/roster
     Head Coach: T.C. DiBartolo
     Assistant Coach: Ben Holback
     Assistant Coach: Josh Grove
     Assistant Coach: AJ Johnson

[201/436] Mercer County Community College
  ❌ No coaches found

[202/436] Mercer University
  ❌ No coaches found

[203/436] Mercy College
  ✅ https://mercyathletics.com/sports/mens-lacrosse/roster
     Head Coach: Ryan MacSpadyen
     Assistant Coach: Brendan Curran
     Assistant Coach: James Distefano

[204/436] Mercyhurst University
  ❌ No coaches found

[205/436] Merrimack College
  ✅ https://merrimackathletics.com/sports/mens-lacrosse/roster
     Head Men's Lacrosse Coach: Mike  Sciamanna
     Assistant Men's Lacrosse Coach: Chris Diantgikis
     Assistant Men's Lacrosse Coach: Christian Thomas
     Assistant Men's Lacrosse Coach: Steve Moreland

[206/436] Messiah University
  ✅ https://gomessiah.com/sports/mens-lacrosse/roster
     Head Coach: Jerry Standford
     Assistant Coach: Garrett  Amsbaugh
     Assistant Coach: John  Scullen
     Assistant Coach: Jeremy Teppig
     Athletic Trainer / Strength Coach: Sam  Rutan

[207/436] Methodist University
  ❌ No coaches found

[208/436] Middlebury College
  ❌ No coaches found

[209/436] Midland University
  ❌ No coaches found

[210/436] Milwaukee School of Engineering
  ❌ No coaches found

[211/436] Misericordia University
  ❌ No coaches found

[212/436] Missouri Baptist University
  ❌ No coaches found

[213/436] Missouri Valley College
  ❌ No coaches found

[214/436] Mitchell College
  ❌ No coaches found

[215/436] Molloy University
  ❌ No coaches found

[216/436] Monmouth College
  ❌ No coaches found

[217/436] Monmouth University
  ❌ No coaches found

[218/436] Montclair State University
  ✅ https://montclairathletics.com/sports/mens-lacrosse/roster
     Head Coach: Matt Poskay
     Assistant Coach: Jack Siddron
     Assistant Coach: Matt Klank

[219/436] Montreat College
  ❌ No coaches found

[220/436] Moravian University
  ❌ No coaches found

[221/436] Morningside University
  ❌ No coaches found

[222/436] Mount Saint Mary College – New York
  ✅ https://mountathletics.com/sports/mens-lacrosse/roster
     Head Coach: Chris Ryan
     Assistant Coach: Ryan O'Hagan
     Assistant Coach: Matthew Dugan
     Assistant Coach: Kevin Murphy

[223/436] Mount St. Joseph University
  ✅ https://mountathletics.com/sports/mens-lacrosse/roster
     Head Coach: Chris Ryan
     Assistant Coach: Ryan O'Hagan
     Assistant Coach: Matthew Dugan
     Assistant Coach: Kevin Murphy

[224/436] Mount St. Mary's University
  ✅ https://mountathletics.com/sports/mens-lacrosse/roster
     Head Coach: Chris Ryan
     Assistant Coach: Ryan O'Hagan
     Assistant Coach: Matthew Dugan
     Assistant Coach: Kevin Murphy

[225/436] Mount Vernon Nazarene University
  ✅ https://mountathletics.com/sports/mens-lacrosse/roster
     Head Coach: Chris Ryan
     Assistant Coach: Ryan O'Hagan
     Assistant Coach: Matthew Dugan
     Assistant Coach: Kevin Murphy

[226/436] Muhlenberg College
  ✅ https://muhlenbergsports.com/sports/mens-lacrosse/roster
     Head Men's Lacrosse Coach: Jake Plunket
     Associate Head Men's Lacrosse Coach: Michael Sullinger
     Assistant Men's Lacrosse Coach: Zack Higgins
     Assistant Men's Lacrosse Coach: Connor Riebling
     Assistant Men's Lacrosse Coach: Dave Lamont

[227/436] Multnomah University
  ❌ No coaches found

[228/436] Muskingum University
  ❌ No coaches found

[229/436] Nassau Community College
  ❌ No coaches found

[230/436] Nazareth College
  ❌ No coaches found

[231/436] Neumann University
  ✅ https://neumannathletics.com/sports/mens-lacrosse/roster
     Head Men's Lacrosse Coach: Evan Bohner
     Assistant Men's Lacrosse Coach - Goalie Coach / Defensive Assistant: Connor Betts
     Assistant Men's Lacrosse Coach - Face-Offs: Jake Methlie
     Assistant Men's Lacrosse Coach - Offensive Coordinator: Nick Mormando

[232/436] New England College
  ❌ No coaches found

[233/436] New Jersey Institute of Technology
  ❌ No coaches found

[234/436] Newberry College
  ❌ No coaches found

[235/436] Nichols College
  ✅ https://nicholsathletics.com/sports/mens-lacrosse/roster
     Men's Lacrosse Head Coach: Shayne Lynch
     Director of Sports Performance / Head Strength & Conditioning Coach: TJ Cahill

[236/436] North Central College
  ❌ No coaches found

[237/436] North Central University
  ❌ No coaches found

[238/436] North Greenville University
  ❌ No coaches found

[239/436] Northern Vermont University – Lyndon
  ❌ No coaches found

[240/436] Norwich University
  ✅ https://norwichathletics.com/sports/mens-lacrosse/roster
     Head Coach: Dylan Curry
     Assistant Coach / Defensive Coordinator: Jacob Lotz
     Assistant Coach: Jimmy Warden

[241/436] Oberlin College
  ❌ No coaches found

[242/436] Oglethorpe University
  ❌ No coaches found

[243/436] Ohio Northern University
  ❌ No coaches found

[244/436] Ohio State University
  ✅ https://ohiostatebuckeyes.com/sports/mens-lacrosse/roster
     Coaching Staff: Nick Myers
        Email: lavallee.15@osu.edu

[245/436] Ohio Wesleyan University
  ❌ No coaches found

[246/436] Onondaga Community College
  ❌ No coaches found

[247/436] Ottawa University
  ❌ No coaches found

[248/436] Otterbein University
  ❌ No coaches found

[249/436] Pace University
  ❌ No coaches found

[250/436] Palm Beach Atlantic University
  ❌ No coaches found

[251/436] Penn State
  ✅ https://gopsusports.com/sports/mens-lacrosse/roster
     Men's Lacrosse Coaching Staff: Men's Lacrosse Coaching Staff

[252/436] Pennsylvania College of Technology
  ❌ No coaches found

[253/436] Pfeiffer University
  ❌ No coaches found

[254/436] Piedmont University
  ❌ No coaches found

[255/436] Plymouth State University
  ✅ https://plymouthathletics.com/sports/mens-lacrosse/roster
     Head Coach: Ken Caswell
     Head Coach: Evangerline Trice

[256/436] Point University
  ❌ No coaches found

[257/436] Post University
  ❌ No coaches found

[258/436] Princeton University
  ✅ https://goprincetontigers.com/sports/mens-lacrosse/roster
     Coaching Staff: Matt Madalon
        Email: bo6116@princeton.edu

[259/436] Providence College
  ❌ No coaches found

[260/436] Queens University of Charlotte
  ❌ No coaches found

[261/436] Queens University of Charlotte
  ❌ No coaches found

[262/436] Quincy University
  ❌ No coaches found

[263/436] Quinnipiac University
  ❌ No coaches found

[264/436] Randolph College
  ❌ No coaches found

[265/436] Randolph-Macon College
  ❌ No coaches found

[266/436] Regis College
  ❌ No coaches found

[267/436] Reinhardt University
  ❌ No coaches found

[268/436] Rensselaer Polytechnic Institute – RPI
  ❌ No coaches found

[269/436] Rhodes College
  ❌ No coaches found

[270/436] Rivier University
  ✅ https://rivierathletics.com/sports/mens-lacrosse/roster
     Men's Lacrosse Head Coach: James DeLanoy
     Men's Lacrosse Assistant Coach/Defensive Coordinator: Ruppy Hailey
     Men's Lacrosse Assistant Coach: Marty Auger
     Men's Lacrosse Assistant Coach: Brett Datillo
     Men's Lacrosse Assistant Coach: Drew Hailey
     Men's Lacrosse Assistant Coach: Colby Larsen '19
     Men's Lacrosse Assistant Coach: Will DeLanoy
     Men's Lacrosse Assistant Coach: Sawyer Gagnon
     Men's Lacrosse Assistant Coach: Adam Hailey

[271/436] Roanoke College
  ❌ No coaches found

[272/436] Robert Morris University – Pennsylvania
  ❌ No coaches found

[273/436] Roberts Wesleyan University
  ❌ No coaches found

[274/436] Rochester Institute of Technology
  ❌ No coaches found

[275/436] Rockhurst University
  ❌ No coaches found

[276/436] Roger Williams University
  ❌ No coaches found

[277/436] Rollins College
  ✅ https://rollinssports.com/sports/mens-lacrosse/roster
     Head Coach: Chris Lewis
     Associate Head Coach: Gary DiClementi

[278/436] Rosemont College
  ❌ No coaches found

[279/436] Russell Sage College
  ❌ No coaches found

[280/436] Rutgers University
  ✅ https://scarletknights.com/sports/mens-lacrosse/roster
     Coaching Staff: Brian Brecht
        Email: ctreacy@scarletknights.com

[281/436] Sacred Heart University
  ❌ No coaches found

[282/436] Saint Anselm College
  ❌ No coaches found

[283/436] Saint Joseph's College of Maine
  ❌ No coaches found

[284/436] Saint Joseph's University
  ❌ No coaches found

[285/436] Saint Leo University
  ❌ No coaches found

[286/436] Saint Michael's College
  ❌ No coaches found

[287/436] Saint Vincent College – Pennsylvania
  ❌ No coaches found

[288/436] Salem State University
  ✅ https://salemathletics.com/sports/mens-lacrosse/roster
     Head Coach: John Wright

[289/436] Salisbury University
  ❌ No coaches found

[290/436] Salve Regina University
  ✅ https://salveathletics.com/sports/mens-lacrosse/roster
     Head Coach: Patrick Cooney
     Associate Head Coach: Dan Parks '14
     Assistant Coach: Jeff Farrar
     Assistant Coach: Colin Barnett
     Assistant Coach: John Murray ’15
     Student Coach: Liam Marr '26

[291/436] Savannah College of Art & Design
  ❌ No coaches found

[292/436] Seton Hill University
  ❌ No coaches found

[293/436] Sewanee – The University of the South
  ❌ No coaches found

[294/436] Shenandoah University
  ❌ No coaches found

[295/436] Shorter University
  ❌ No coaches found

[296/436] Siena College
  ❌ No coaches found

[297/436] Skidmore College
  ✅ https://skidmoreathletics.com/sports/mens-lacrosse/roster
     Head Coach: Joe Martin
     Assistant Coach: Tim Roberts
     Assistant Coach: Jeff Pollard
     Volunteer Assistant Coach: Jon Bouvier '25
     Volunteer Assistant Coach: Brian Gonsalves '25
     Strength and Conditioning Coach: Matt Chatham

[298/436] Southern New Hampshire University
  ❌ No coaches found

[299/436] Southern Virginia University
  ❌ No coaches found

[300/436] Southwestern University
  ❌ No coaches found

[301/436] Spalding University
  ✅ https://spaldingathletics.com/sports/mens-lacrosse/roster
     Head Men's Lacrosse Coach: Kurt Ohlen
     Assistant Coach: Slater Bender
     Assistant Coach: Jackson Maurer

[302/436] Springfield College
  ❌ No coaches found

[303/436] St. Ambrose University
  ❌ No coaches found

[304/436] St. Bonaventure University
  ❌ No coaches found

[305/436] St. John Fisher College
  ❌ No coaches found

[306/436] St. John's University – New York
  ❌ No coaches found

[307/436] St. Lawrence University
  ❌ No coaches found

[308/436] St. Mary's College of Maryland
  ❌ No coaches found

[309/436] St. Thomas Aquinas College
  ❌ No coaches found

[310/436] Stevens Institute of Technology
  ❌ No coaches found

[311/436] Stevenson University
  ❌ No coaches found

[312/436] Stockton University
  ✅ https://stocktonathletics.com/sports/mens-lacrosse/roster
     Head Men's Lacrosse Coach: Kevin Zulauf
     Assistant Men's Lacrosse Coach: Phil Wambach
     Assistant Men's Lacrosse Coach: Will Mercado

[313/436] SUNY Binghamton University
  ❌ No coaches found

[314/436] SUNY Canton
  ❌ No coaches found

[315/436] SUNY College at Brockport
  ❌ No coaches found

[316/436] SUNY College at Oneonta
  ❌ No coaches found

[317/436] SUNY College of Agriculture & Technology at Cobleskill
  ❌ No coaches found

[318/436] SUNY Cortland
  ❌ No coaches found

[319/436] SUNY Delhi
  ❌ No coaches found

[320/436] SUNY Farmingdale State College
  ❌ No coaches found

[321/436] SUNY Genesee Community College
  ❌ No coaches found

[322/436] SUNY Geneseo
  ❌ No coaches found

[323/436] SUNY Herkimer County Community College
  ❌ No coaches found

[324/436] SUNY Hudson Valley Community College
  ❌ No coaches found

[325/436] SUNY Jefferson Community College
  ❌ No coaches found

[326/436] SUNY Maritime College
  ❌ No coaches found

[327/436] SUNY Mohawk Valley Community College
  ❌ No coaches found

[328/436] SUNY Monroe Community College
  ❌ No coaches found

[329/436] SUNY Morrisville
  ❌ No coaches found

[330/436] SUNY New Paltz
  ❌ No coaches found

[331/436] SUNY Oswego
  ❌ No coaches found

[332/436] SUNY Plattsburgh
  ❌ No coaches found

[333/436] SUNY Potsdam
  ❌ No coaches found

[334/436] SUNY Purchase College
  ❌ No coaches found

[335/436] SUNY Stony Brook University
  ❌ No coaches found

[336/436] SUNY Tompkins Cortland Community College
  ❌ No coaches found

[337/436] SUNY University at Albany
  ❌ No coaches found

[338/436] Susquehanna University
  ❌ No coaches found

[339/436] Sussex County Community College
  ❌ No coaches found

[340/436] Swarthmore College
  ✅ https://swarthmoreathletics.com/sports/mens-lacrosse/roster
     Head Men's Lacrosse Coach: Pat Gress
     Associate Head Men's Lacrosse Coach: Sam Wasson
     Assistant Men's Lacrosse Coach: Lou Harrison
     Assistant Men's Lacrosse Coach: Tate Wasson

[341/436] Syracuse University
  ✅ https://cuse.com/sports/mens-lacrosse/roster
     Coaching Staff: Gary Gait
        Email: jostark@syr.edu

[342/436] Taylor University
  ❌ No coaches found

[343/436] Tennessee Wesleyan University
  ❌ No coaches found

[344/436] Thiel College
  ✅ https://thielathletics.com/sports/mens-lacrosse/roster
     Head Coach: Alex Skvarch
     Assistant Coach: Ryan Sparacino
     Volunteer Assistant Coach: Justin Mason '26
     Volunteer Assistant Coach: Ray Olsen

[345/436] Thomas College
  ✅ https://thomasathletics.com/sports/mens-lacrosse/roster
     Head Men's Lacrosse Coach: Bill Scott
     Associate Head Men's Lacrosse Coach / Defensive Coordinator: Tom Sheridan
     Assistant Men's Lacrosse Coach: Paul Vail
     Assistant Men's Lacrosse Coach: Dylan Brooks
     Assistant Men's Lacrosse Coach: Tim Matteson

[346/436] Thomas More University
  ✅ https://thomasathletics.com/sports/mens-lacrosse/roster
     Head Men's Lacrosse Coach: Bill Scott
     Associate Head Men's Lacrosse Coach / Defensive Coordinator: Tom Sheridan
     Assistant Men's Lacrosse Coach: Paul Vail
     Assistant Men's Lacrosse Coach: Dylan Brooks
     Assistant Men's Lacrosse Coach: Tim Matteson

[347/436] Tiffin University
  ❌ No coaches found

[348/436] Towson University
  ❌ No coaches found

[349/436] Transylvania University
  ❌ No coaches found

[350/436] Trine University
  ❌ No coaches found

[351/436] Trinity College – Connecticut
  ❌ No coaches found

[352/436] Tufts University
  ❌ No coaches found

[353/436] Tusculum University
  ❌ No coaches found

[354/436] Union College – New York
  ❌ No coaches found

[355/436] Union County College
  ❌ No coaches found

[356/436] United States Air Force Academy
  ❌ No coaches found

[357/436] United States Coast Guard Academy
  ❌ No coaches found

[358/436] United States Merchant Marine Academy
  ❌ No coaches found

[359/436] United States Military Academy
  ❌ No coaches found

[360/436] United States Naval Academy
  ❌ No coaches found

[361/436] University of Alabama – Huntsville
  ❌ No coaches found

[362/436] University of Bridgeport
  ❌ No coaches found

[363/436] University of Dallas
  ❌ No coaches found

[364/436] University of Delaware
  ❌ No coaches found

[365/436] University of Denver
  ❌ No coaches found

[366/436] University of Detroit Mercy
  ❌ No coaches found

[367/436] University of Dubuque
  ❌ No coaches found

[368/436] University of Hartford
  ❌ No coaches found

[369/436] University of Health Sciences & Pharmacy in St. Louis (UHSP)
  ❌ No coaches found

[370/436] University of Indianapolis
  ❌ No coaches found

[371/436] University of Lynchburg
  ❌ No coaches found

[372/436] University of Maine at Farmington
  ❌ No coaches found

[373/436] University of Mary Washington
  ❌ No coaches found

[374/436] University of Maryland
  ✅ https://umterps.com/sports/mens-lacrosse/roster
     Head Coach: John Tillman
     Associate Head Coach/Defensive Coordinator: Jesse Bernhardt
     Assistant Coach/Offensive Coordinator: Michael Phipps
     Assistant Coach: Tim O'Branski

[375/436] University of Maryland – Baltimore County
  ❌ No coaches found

[376/436] University of Massachusetts – Amherst
  ❌ No coaches found

[377/436] University of Massachusetts – Boston
  ❌ No coaches found

[378/436] University of Massachusetts – Lowell
  ❌ No coaches found

[379/436] University of Michigan
  ✅ https://mgoblue.com/sports/mens-lacrosse/coaches
     2026 Men's Lacrosse Coaching Staff: 2026 Men's Lacrosse Coaching Staff
        Email: jjhennes@umich.edu

[380/436] University of Michigan – Dearborn
  ❌ No coaches found

[381/436] University of Montevallo
  ❌ No coaches found

[382/436] University of Mount Olive
  ❌ No coaches found

[383/436] University of Mount Union
  ❌ No coaches found

[384/436] University of New England
  ❌ No coaches found

[385/436] University of North Carolina at Chapel Hill
  ✅ https://goheels.com/sports/mens-lacrosse/roster
     Coaching Staff: Joe Breschi
        Email: greenemt@email.unc.edu

[386/436] University of Northwestern – St. Paul
  ❌ No coaches found

[387/436] University of Notre Dame
  ❌ No coaches found

[388/436] University of Pennsylvania – Penn
  ✅ https://pennathletics.com/sports/mens-lacrosse/roster
     James H. Greene, Jr. Head Coach: Taylor Wray
     Assistant Coach: Tyler  Shoults

[389/436] University of Richmond
  ❌ No coaches found

[390/436] University of Saint Joseph
  ❌ No coaches found

[391/436] University of Saint Mary
  ❌ No coaches found

[392/436] University of Scranton
  ❌ No coaches found

[393/436] University of Southern Maine
  ❌ No coaches found

[394/436] University of Tampa
  ❌ No coaches found

[395/436] University of the Cumberlands
  ❌ No coaches found

[396/436] University of Utah
  ❌ No coaches found

[397/436] University of Vermont
  ❌ No coaches found

[398/436] University of Virginia
  ✅ https://virginiasports.com/sports/mens-lacrosse/roster
     Men's Lacrosse Coaching Staff: Men's Lacrosse Coaching Staff

[399/436] Ursinus College
  ❌ No coaches found

[400/436] Utica University
  ❌ No coaches found

[401/436] Vassar College
  ✅ https://vassarathletics.com/sports/mens-lacrosse/roster
     Head Coach: John McCreery
     Assistant Coach: Corbin Carraghan
     Assistant Coach: Brian Kelly
     Assistant Coach: Andrew Nicol
     Assistant Coach: Shane Carroll
     Assistant Coach: Weston Keenan

[402/436] Villanova University
  ✅ https://villanova.com/sports/mens-lacrosse/roster
     DiLoreto Family Endowed Men's Lacrosse Head Coach: Mike Corrado
     Associate Head Coach/Defensive Coordinator: Chris Miller
     Assistant Coach/Offensive Coordinator: Paul Mita
     Assistant Coach: John "Woody" Derham

[403/436] Virginia Military Institute – VMI
  ✅ https://virginiasports.com/sports/mens-lacrosse/roster
     Men's Lacrosse Coaching Staff: Men's Lacrosse Coaching Staff

[404/436] Virginia Wesleyan University
  ✅ https://virginiasports.com/sports/mens-lacrosse/roster
     Men's Lacrosse Coaching Staff: Men's Lacrosse Coaching Staff

[405/436] Wabash College
  ❌ No coaches found

[406/436] Wagner College
  ✅ https://wagnerathletics.com/sports/mens-lacrosse/roster
     Head Coach: Will Fox
     Assistant Coach: Joe Zukauskas
     Assistant Coach: Tyler Foss
     Assistant Coach: Colby Cohen

[407/436] Walsh University
  ❌ No coaches found

[408/436] Warren Wilson College
  ❌ No coaches found

[409/436] Washington & Jefferson College
  ❌ No coaches found

[410/436] Washington & Lee University
  ❌ No coaches found

[411/436] Washington College
  ❌ No coaches found

[412/436] Webber International University
  ✅ https://webberathletics.com/sports/mens-lacrosse/roster
     Head Men's Lacrosse Coach: Chris Burdick
     Assistant Men's Lacrosse Coach: Chase Jackson
     Assistant Men's Lacrosse Coach: Malcolm McGrath
     Head Weightlifting Coach/Assistant Strength & Conditioning Coach -Men's Lacrosse, Weightlifting, Golf: Tristan Scheller

[413/436] Wentworth Institute of Technology
  ❌ No coaches found

[414/436] Wesleyan University
  ❌ No coaches found

[415/436] Westcliff University
  ✅ https://westcliffathletics.com/sports/mens-lacrosse/coaches
     Head Coach: Michael Song

[416/436] Western Connecticut State University
  ❌ No coaches found

[417/436] Western New England University
  ❌ No coaches found

[418/436] Westminster College – Pennsylvania
  ❌ No coaches found

[419/436] Westminster College – Utah
  ❌ No coaches found

[420/436] Wheaton College – Massachusetts
  ❌ No coaches found

[421/436] Wheeling University
  ❌ No coaches found

[422/436] Whittier College
  ❌ No coaches found

[423/436] Widener University
  ❌ No coaches found

[424/436] Wilkes University
  ❌ No coaches found

[425/436] William Jewell College
  ❌ No coaches found

[426/436] William Peace University
  ❌ No coaches found

[427/436] William Penn University
  ❌ No coaches found

[428/436] Williams College
  ❌ No coaches found

[429/436] Williamson College of the Trades
  ❌ No coaches found

[430/436] Wilmington College
  ❌ No coaches found

[431/436] Wilmington University
